{
  "stats": {
    "suites": 1,
    "tests": 12,
    "passes": 5,
    "pending": 0,
    "failures": 7,
    "start": "2020-11-19T07:11:25.660Z",
    "end": "2020-11-19T07:15:00.714Z",
    "duration": 215054,
    "testsRegistered": 12,
    "passPercent": 41.66666666666667,
    "pendingPercent": 0,
    "other": 0,
    "hasOther": false,
    "skipped": 0,
    "hasSkipped": false
  },
  "results": [
    {
      "uuid": "25430e3b-7be9-4804-a5de-f78021187825",
      "title": "",
      "fullFile": "cypress\\integration\\testscripts\\CustomerLitePortal\\Place_Order_CheckPromoOnPaymentpage.js",
      "file": "cypress\\integration\\testscripts\\CustomerLitePortal\\Place_Order_CheckPromoOnPaymentpage.js",
      "beforeHooks": [],
      "afterHooks": [],
      "tests": [],
      "suites": [
        {
          "uuid": "b1379447-1d91-4c19-bd7f-fd19c819e728",
          "title": "Place_Order Happy Path",
          "fullFile": "",
          "file": "",
          "beforeHooks": [],
          "afterHooks": [],
          "tests": [
            {
              "title": "Start Catering Order",
              "fullTitle": "Place_Order Happy Path Start Catering Order",
              "timedOut": null,
              "duration": 6734,
              "state": "passed",
              "speed": "slow",
              "pass": true,
              "fail": false,
              "pending": false,
              "context": "\"1. CLICK ON 'START ORDER' BUTTON\"",
              "code": "",
              "err": {},
              "uuid": "a43ab6a2-2dcb-49c9-8cb0-27dd305304e6",
              "parentUUID": "b1379447-1d91-4c19-bd7f-fd19c819e728",
              "isHook": false,
              "skipped": false
            },
            {
              "title": "Enter Location name",
              "fullTitle": "Place_Order Happy Path Enter Location name",
              "timedOut": null,
              "duration": 17641,
              "state": "passed",
              "speed": "slow",
              "pass": true,
              "fail": false,
              "pending": false,
              "context": "[\n  \"1. ENTER THE CITY NAME 'Philadelphia, PA, USA' IN THE SEARCH TEXT FIELD\",\n  \"2. SELECT THE CITY NAME 'Philadelphia, PA, USA' FROM AUTO SUGGESTION LIST\",\n  \"3. VERIFY WHETHER CITY 'Philadelphia, PA, USA' IS SELECTED \",\n  \"4. CLICK ON 'FIND STORES' BUTTON\"\n]",
              "code": "",
              "err": {},
              "uuid": "04c44e9c-1877-41f2-b557-924dc467bc78",
              "parentUUID": "b1379447-1d91-4c19-bd7f-fd19c819e728",
              "isHook": false,
              "skipped": false
            },
            {
              "title": "Select a store from the stores list",
              "fullTitle": "Place_Order Happy Path Select a store from the stores list",
              "timedOut": null,
              "duration": 8315,
              "state": "passed",
              "speed": "slow",
              "pass": true,
              "fail": false,
              "pending": false,
              "context": "\"1. CLICK ON 'SELECT STORE' BUTTON -3604 CHESTNUT STREET\"",
              "code": "",
              "err": {},
              "uuid": "0c2b65ea-5fe6-43fd-981c-2ac4cf1b84aa",
              "parentUUID": "b1379447-1d91-4c19-bd7f-fd19c819e728",
              "isHook": false,
              "skipped": false
            },
            {
              "title": "Enter the pick up details ( Date and Time )",
              "fullTitle": "Place_Order Happy Path Enter the pick up details ( Date and Time )",
              "timedOut": null,
              "duration": 10629,
              "state": "passed",
              "speed": "slow",
              "pass": true,
              "fail": false,
              "pending": false,
              "context": "[\n  \"1. PICK THE DATE FROM THE DATE PICKER\",\n  \"2.SELECT THE TIME\"\n]",
              "code": "",
              "err": {},
              "uuid": "239d85eb-a77e-4dfa-aa5a-59052da70f63",
              "parentUUID": "b1379447-1d91-4c19-bd7f-fd19c819e728",
              "isHook": false,
              "skipped": false
            },
            {
              "title": "Start the Order",
              "fullTitle": "Place_Order Happy Path Start the Order",
              "timedOut": null,
              "duration": 484,
              "state": "passed",
              "speed": "slow",
              "pass": true,
              "fail": false,
              "pending": false,
              "context": "\"1. CLICK ON 'START ORDER' BUTTON \"",
              "code": "",
              "err": {},
              "uuid": "cfa740a7-15eb-4910-91e5-043b37333ea9",
              "parentUUID": "b1379447-1d91-4c19-bd7f-fd19c819e728",
              "isHook": false,
              "skipped": false
            },
            {
              "title": "Select the product from Product listing page",
              "fullTitle": "Place_Order Happy Path Select the product from Product listing page",
              "timedOut": null,
              "duration": 25089,
              "state": "failed",
              "speed": null,
              "pass": false,
              "fail": true,
              "pending": false,
              "context": "\"1. SELECT THE PRODUCT FROM PRODUCT DETAILS PAGE - Iced Tea\"",
              "code": "",
              "err": {
                "message": "CypressError: `cy.screenshot()` timed out waiting `15000ms` to complete.",
                "estack": "CypressError: `cy.screenshot()` timed out waiting `15000ms` to complete.\n    at https://qa01.ip.wawa.com/__cypress/runner/cypress_runner.js:159074:22\n    at tryCatcher (https://qa01.ip.wawa.com/__cypress/runner/cypress_runner.js:10325:23)\n    at https://qa01.ip.wawa.com/__cypress/runner/cypress_runner.js:5447:41\n    at tryCatcher (https://qa01.ip.wawa.com/__cypress/runner/cypress_runner.js:10325:23)\n    at Promise._settlePromiseFromHandler (https://qa01.ip.wawa.com/__cypress/runner/cypress_runner.js:8260:31)\n    at Promise._settlePromise (https://qa01.ip.wawa.com/__cypress/runner/cypress_runner.js:8317:18)\n    at Promise._settlePromise0 (https://qa01.ip.wawa.com/__cypress/runner/cypress_runner.js:8362:10)\n    at Promise._settlePromises (https://qa01.ip.wawa.com/__cypress/runner/cypress_runner.js:8438:18)\n    at _drainQueueStep (https://qa01.ip.wawa.com/__cypress/runner/cypress_runner.js:5032:12)\n    at _drainQueue (https://qa01.ip.wawa.com/__cypress/runner/cypress_runner.js:5025:9)\n    at Async.../../node_modules/bluebird/js/release/async.js.Async._drainQueues (https://qa01.ip.wawa.com/__cypress/runner/cypress_runner.js:5041:5)\n    at Async.drainQueues (https://qa01.ip.wawa.com/__cypress/runner/cypress_runner.js:4911:14)",
                "diff": null
              },
              "uuid": "2247a6be-d613-418c-a806-934f89344350",
              "parentUUID": "b1379447-1d91-4c19-bd7f-fd19c819e728",
              "isHook": false,
              "skipped": false
            },
            {
              "title": "Adding the selected product to the Cart",
              "fullTitle": "Place_Order Happy Path Adding the selected product to the Cart",
              "timedOut": null,
              "duration": 25078,
              "state": "failed",
              "speed": null,
              "pass": false,
              "fail": true,
              "pending": false,
              "context": "\"1. CLICK ON ' ADD TO CART ' BUTTON \"",
              "code": "",
              "err": {
                "message": "CypressError: `cy.screenshot()` timed out waiting `15000ms` to complete.",
                "estack": "CypressError: `cy.screenshot()` timed out waiting `15000ms` to complete.\n    at https://qa01.ip.wawa.com/__cypress/runner/cypress_runner.js:159074:22\n    at tryCatcher (https://qa01.ip.wawa.com/__cypress/runner/cypress_runner.js:10325:23)\n    at https://qa01.ip.wawa.com/__cypress/runner/cypress_runner.js:5447:41\n    at tryCatcher (https://qa01.ip.wawa.com/__cypress/runner/cypress_runner.js:10325:23)\n    at Promise._settlePromiseFromHandler (https://qa01.ip.wawa.com/__cypress/runner/cypress_runner.js:8260:31)\n    at Promise._settlePromise (https://qa01.ip.wawa.com/__cypress/runner/cypress_runner.js:8317:18)\n    at Promise._settlePromise0 (https://qa01.ip.wawa.com/__cypress/runner/cypress_runner.js:8362:10)\n    at Promise._settlePromises (https://qa01.ip.wawa.com/__cypress/runner/cypress_runner.js:8438:18)\n    at _drainQueueStep (https://qa01.ip.wawa.com/__cypress/runner/cypress_runner.js:5032:12)\n    at _drainQueue (https://qa01.ip.wawa.com/__cypress/runner/cypress_runner.js:5025:9)\n    at Async.../../node_modules/bluebird/js/release/async.js.Async._drainQueues (https://qa01.ip.wawa.com/__cypress/runner/cypress_runner.js:5041:5)\n    at Async.drainQueues (https://qa01.ip.wawa.com/__cypress/runner/cypress_runner.js:4911:14)",
                "diff": null
              },
              "uuid": "77b597c5-c759-411b-b7f4-14b0e7b2f7e9",
              "parentUUID": "b1379447-1d91-4c19-bd7f-fd19c819e728",
              "isHook": false,
              "skipped": false
            },
            {
              "title": "Verify the Product and Checkout from Cart Details page",
              "fullTitle": "Place_Order Happy Path Verify the Product and Checkout from Cart Details page",
              "timedOut": null,
              "duration": 29096,
              "state": "failed",
              "speed": null,
              "pass": false,
              "fail": true,
              "pending": false,
              "context": "\"1. VERIFY PRODUCT NAME IN CART DETAILS PAGE -Iced Tea\"",
              "code": "",
              "err": {
                "message": "CypressError: `cy.screenshot()` timed out waiting `15000ms` to complete.",
                "estack": "CypressError: `cy.screenshot()` timed out waiting `15000ms` to complete.\n    at https://qa01.ip.wawa.com/__cypress/runner/cypress_runner.js:159074:22\n    at tryCatcher (https://qa01.ip.wawa.com/__cypress/runner/cypress_runner.js:10325:23)\n    at https://qa01.ip.wawa.com/__cypress/runner/cypress_runner.js:5447:41\n    at tryCatcher (https://qa01.ip.wawa.com/__cypress/runner/cypress_runner.js:10325:23)\n    at Promise._settlePromiseFromHandler (https://qa01.ip.wawa.com/__cypress/runner/cypress_runner.js:8260:31)\n    at Promise._settlePromise (https://qa01.ip.wawa.com/__cypress/runner/cypress_runner.js:8317:18)\n    at Promise._settlePromise0 (https://qa01.ip.wawa.com/__cypress/runner/cypress_runner.js:8362:10)\n    at Promise._settlePromises (https://qa01.ip.wawa.com/__cypress/runner/cypress_runner.js:8438:18)\n    at _drainQueueStep (https://qa01.ip.wawa.com/__cypress/runner/cypress_runner.js:5032:12)\n    at _drainQueue (https://qa01.ip.wawa.com/__cypress/runner/cypress_runner.js:5025:9)\n    at Async.../../node_modules/bluebird/js/release/async.js.Async._drainQueues (https://qa01.ip.wawa.com/__cypress/runner/cypress_runner.js:5041:5)\n    at Async.drainQueues (https://qa01.ip.wawa.com/__cypress/runner/cypress_runner.js:4911:14)",
                "diff": null
              },
              "uuid": "e92eb5ec-299d-4007-99fb-10b2eb09f3c8",
              "parentUUID": "b1379447-1d91-4c19-bd7f-fd19c819e728",
              "isHook": false,
              "skipped": false
            },
            {
              "title": "Enter Contact information in Checkout Page",
              "fullTitle": "Place_Order Happy Path Enter Contact information in Checkout Page",
              "timedOut": null,
              "duration": 25049,
              "state": "failed",
              "speed": null,
              "pass": false,
              "fail": true,
              "pending": false,
              "context": "\"1. NAVIGATE TO CHECKOUT PAGE AND ENTER CONTACT INFORMATION\"",
              "code": "",
              "err": {
                "message": "CypressError: `cy.screenshot()` timed out waiting `15000ms` to complete.",
                "estack": "CypressError: `cy.screenshot()` timed out waiting `15000ms` to complete.\n    at https://qa01.ip.wawa.com/__cypress/runner/cypress_runner.js:159074:22\n    at tryCatcher (https://qa01.ip.wawa.com/__cypress/runner/cypress_runner.js:10325:23)\n    at https://qa01.ip.wawa.com/__cypress/runner/cypress_runner.js:5447:41\n    at tryCatcher (https://qa01.ip.wawa.com/__cypress/runner/cypress_runner.js:10325:23)\n    at Promise._settlePromiseFromHandler (https://qa01.ip.wawa.com/__cypress/runner/cypress_runner.js:8260:31)\n    at Promise._settlePromise (https://qa01.ip.wawa.com/__cypress/runner/cypress_runner.js:8317:18)\n    at Promise._settlePromise0 (https://qa01.ip.wawa.com/__cypress/runner/cypress_runner.js:8362:10)\n    at Promise._settlePromises (https://qa01.ip.wawa.com/__cypress/runner/cypress_runner.js:8438:18)\n    at _drainQueueStep (https://qa01.ip.wawa.com/__cypress/runner/cypress_runner.js:5032:12)\n    at _drainQueue (https://qa01.ip.wawa.com/__cypress/runner/cypress_runner.js:5025:9)\n    at Async.../../node_modules/bluebird/js/release/async.js.Async._drainQueues (https://qa01.ip.wawa.com/__cypress/runner/cypress_runner.js:5041:5)\n    at Async.drainQueues (https://qa01.ip.wawa.com/__cypress/runner/cypress_runner.js:4911:14)",
                "diff": null
              },
              "uuid": "8c3a6779-94a3-47c4-9fbe-d760ecc6f23e",
              "parentUUID": "b1379447-1d91-4c19-bd7f-fd19c819e728",
              "isHook": false,
              "skipped": false
            },
            {
              "title": "Apply promo code on payment page and verify it reflected in bill",
              "fullTitle": "Place_Order Happy Path Apply promo code on payment page and verify it reflected in bill",
              "timedOut": null,
              "duration": 18760,
              "state": "failed",
              "speed": null,
              "pass": false,
              "fail": true,
              "pending": false,
              "context": null,
              "code": "",
              "err": {
                "message": "AssertionError: Timed out retrying: Expected to find content: 'Order Total' but never did.",
                "estack": "AssertionError: Timed out retrying: Expected to find content: 'Order Total' but never did.\n    at PaymentInformationPage.verifyPromoCodeFeatureOnPaymentPage (https://qa01.ip.wawa.com/__cypress/tests?p=cypress\\integration\\testscripts\\CustomerLitePortal\\Place_Order_CheckPromoOnPaymentpage.js:1006:10)\n    at Context.eval (https://qa01.ip.wawa.com/__cypress/tests?p=cypress\\integration\\testscripts\\CustomerLitePortal\\Place_Order_CheckPromoOnPaymentpage.js:332:28)",
                "diff": null
              },
              "uuid": "78d7d430-5da5-4015-bbd1-6cf6c03c063d",
              "parentUUID": "b1379447-1d91-4c19-bd7f-fd19c819e728",
              "isHook": false,
              "skipped": false
            },
            {
              "title": "Enter payment details and submit order",
              "fullTitle": "Place_Order Happy Path Enter payment details and submit order",
              "timedOut": null,
              "duration": 20498,
              "state": "failed",
              "speed": null,
              "pass": false,
              "fail": true,
              "pending": false,
              "context": null,
              "code": "",
              "err": {
                "message": "AssertionError: Timed out retrying: Expected to find element: `#myId`, but never found it.",
                "estack": "AssertionError: Timed out retrying: Expected to find element: `#myId`, but never found it.\n    at Context.frameLoaded (https://qa01.ip.wawa.com/__cypress/tests?p=cypress\\integration\\testscripts\\CustomerLitePortal\\Place_Order_CheckPromoOnPaymentpage.js:1815:15)",
                "diff": null
              },
              "uuid": "f1a23964-c19e-4fc1-ab19-54011ddbb592",
              "parentUUID": "b1379447-1d91-4c19-bd7f-fd19c819e728",
              "isHook": false,
              "skipped": false
            },
            {
              "title": "Verify the Order Confirmation page",
              "fullTitle": "Place_Order Happy Path Verify the Order Confirmation page",
              "timedOut": null,
              "duration": 25106,
              "state": "failed",
              "speed": null,
              "pass": false,
              "fail": true,
              "pending": false,
              "context": "[\n  \"SHOULD BE NAVIGATED TO ORDER CONFIRMATION PAGE\",\n  \"1. VERIFY WHETHER ORDER IS CONFIRMED!\",\n  \"2. VERIFY THE EMAIL ID - testorder@wawa.com\"\n]",
              "code": "",
              "err": {
                "message": "CypressError: `cy.screenshot()` timed out waiting `15000ms` to complete.",
                "estack": "CypressError: `cy.screenshot()` timed out waiting `15000ms` to complete.\n    at https://qa01.ip.wawa.com/__cypress/runner/cypress_runner.js:159074:22\n    at tryCatcher (https://qa01.ip.wawa.com/__cypress/runner/cypress_runner.js:10325:23)\n    at https://qa01.ip.wawa.com/__cypress/runner/cypress_runner.js:5447:41\n    at tryCatcher (https://qa01.ip.wawa.com/__cypress/runner/cypress_runner.js:10325:23)\n    at Promise._settlePromiseFromHandler (https://qa01.ip.wawa.com/__cypress/runner/cypress_runner.js:8260:31)\n    at Promise._settlePromise (https://qa01.ip.wawa.com/__cypress/runner/cypress_runner.js:8317:18)\n    at Promise._settlePromise0 (https://qa01.ip.wawa.com/__cypress/runner/cypress_runner.js:8362:10)\n    at Promise._settlePromises (https://qa01.ip.wawa.com/__cypress/runner/cypress_runner.js:8438:18)\n    at _drainQueueStep (https://qa01.ip.wawa.com/__cypress/runner/cypress_runner.js:5032:12)\n    at _drainQueue (https://qa01.ip.wawa.com/__cypress/runner/cypress_runner.js:5025:9)\n    at Async.../../node_modules/bluebird/js/release/async.js.Async._drainQueues (https://qa01.ip.wawa.com/__cypress/runner/cypress_runner.js:5041:5)\n    at Async.drainQueues (https://qa01.ip.wawa.com/__cypress/runner/cypress_runner.js:4911:14)",
                "diff": null
              },
              "uuid": "b03b733f-b943-4636-94f5-879c98b8901e",
              "parentUUID": "b1379447-1d91-4c19-bd7f-fd19c819e728",
              "isHook": false,
              "skipped": false
            }
          ],
          "suites": [],
          "passes": [
            "a43ab6a2-2dcb-49c9-8cb0-27dd305304e6",
            "04c44e9c-1877-41f2-b557-924dc467bc78",
            "0c2b65ea-5fe6-43fd-981c-2ac4cf1b84aa",
            "239d85eb-a77e-4dfa-aa5a-59052da70f63",
            "cfa740a7-15eb-4910-91e5-043b37333ea9"
          ],
          "failures": [
            "2247a6be-d613-418c-a806-934f89344350",
            "77b597c5-c759-411b-b7f4-14b0e7b2f7e9",
            "e92eb5ec-299d-4007-99fb-10b2eb09f3c8",
            "8c3a6779-94a3-47c4-9fbe-d760ecc6f23e",
            "78d7d430-5da5-4015-bbd1-6cf6c03c063d",
            "f1a23964-c19e-4fc1-ab19-54011ddbb592",
            "b03b733f-b943-4636-94f5-879c98b8901e"
          ],
          "pending": [],
          "skipped": [],
          "duration": 212479,
          "root": false,
          "rootEmpty": false,
          "_timeout": 2000
        }
      ],
      "passes": [],
      "failures": [],
      "pending": [],
      "skipped": [],
      "duration": 0,
      "root": true,
      "rootEmpty": true,
      "_timeout": 2000
    }
  ],
  "meta": {
    "mocha": {
      "version": "7.0.1"
    },
    "mochawesome": {
      "options": {
        "quiet": false,
        "reportFilename": "Automation Test Report",
        "saveHtml": false,
        "saveJson": true,
        "consoleReporter": "spec",
        "useInlineDiffs": false,
        "code": false
      },
      "version": "6.2.1"
    },
    "marge": {
      "options": {
        "reportDir": "cypress/reports",
        "reportFilename": "Automation Test Report",
        "overwrite": false,
        "html": false,
        "json": true,
        "code": false,
        "charts": true,
        "inline": true
      },
      "version": "5.1.0"
    }
  }
}